2023-07-03 10:05:52.531 [restartedMain] INFO  com.atguigu.cmn.ServiceCmnApplication - The following profiles are active: dev
2023-07-03 10:05:56.211 [restartedMain] INFO  o.springframework.cloud.context.scope.GenericScope - BeanFactory id=98f5d651-a4fc-3e07-a27f-91bfd6c4f9a9
2023-07-03 10:05:56.476 [restartedMain] INFO  o.s.c.s.PostProcessorRegistrationDelegate$BeanPostProcessorChecker - Bean 'org.springframework.transaction.annotation.ProxyTransactionManagementConfiguration' of type [org.springframework.transaction.annotation.ProxyTransactionManagementConfiguration] is not eligible for getting processed by all BeanPostProcessors (for example: not eligible for auto-proxying)
2023-07-03 10:05:56.526 [restartedMain] INFO  o.s.c.s.PostProcessorRegistrationDelegate$BeanPostProcessorChecker - Bean 'org.springframework.cloud.autoconfigure.ConfigurationPropertiesRebinderAutoConfiguration' of type [org.springframework.cloud.autoconfigure.ConfigurationPropertiesRebinderAutoConfiguration] is not eligible for getting processed by all BeanPostProcessors (for example: not eligible for auto-proxying)
2023-07-03 10:05:57.433 [restartedMain] INFO  o.s.boot.web.embedded.tomcat.TomcatWebServer - Tomcat initialized with port(s): 8202 (http)
2023-07-03 10:05:57.451 [restartedMain] INFO  org.apache.coyote.http11.Http11NioProtocol - Initializing ProtocolHandler ["http-nio-8202"]
2023-07-03 10:05:57.453 [restartedMain] INFO  org.apache.catalina.core.StandardService - Starting service [Tomcat]
2023-07-03 10:05:57.453 [restartedMain] INFO  org.apache.catalina.core.StandardEngine - Starting Servlet engine: [Apache Tomcat/9.0.27]
2023-07-03 10:05:57.756 [restartedMain] INFO  o.a.c.core.ContainerBase.[Tomcat].[localhost].[/] - Initializing Spring embedded WebApplicationContext
2023-07-03 10:05:57.757 [restartedMain] INFO  org.springframework.web.context.ContextLoader - Root WebApplicationContext: initialization completed in 5168 ms
2023-07-03 10:05:57.924 [restartedMain] INFO  org.apache.catalina.core.StandardService - Stopping service [Tomcat]
2023-07-03 10:05:57.948 [restartedMain] INFO  o.s.b.a.l.ConditionEvaluationReportLoggingListener - 

Error starting ApplicationContext. To display the conditions report re-run your application with 'debug' enabled.
2023-07-03 10:10:55.436 [restartedMain] INFO  com.atguigu.cmn.ServiceCmnApplication - The following profiles are active: dev
2023-07-03 10:10:57.367 [restartedMain] INFO  o.springframework.cloud.context.scope.GenericScope - BeanFactory id=98f5d651-a4fc-3e07-a27f-91bfd6c4f9a9
2023-07-03 10:10:57.603 [restartedMain] INFO  o.s.c.s.PostProcessorRegistrationDelegate$BeanPostProcessorChecker - Bean 'org.springframework.transaction.annotation.ProxyTransactionManagementConfiguration' of type [org.springframework.transaction.annotation.ProxyTransactionManagementConfiguration] is not eligible for getting processed by all BeanPostProcessors (for example: not eligible for auto-proxying)
2023-07-03 10:10:57.643 [restartedMain] INFO  o.s.c.s.PostProcessorRegistrationDelegate$BeanPostProcessorChecker - Bean 'org.springframework.cloud.autoconfigure.ConfigurationPropertiesRebinderAutoConfiguration' of type [org.springframework.cloud.autoconfigure.ConfigurationPropertiesRebinderAutoConfiguration] is not eligible for getting processed by all BeanPostProcessors (for example: not eligible for auto-proxying)
2023-07-03 10:10:58.402 [restartedMain] INFO  o.s.boot.web.embedded.tomcat.TomcatWebServer - Tomcat initialized with port(s): 8202 (http)
2023-07-03 10:10:58.421 [restartedMain] INFO  org.apache.coyote.http11.Http11NioProtocol - Initializing ProtocolHandler ["http-nio-8202"]
2023-07-03 10:10:58.422 [restartedMain] INFO  org.apache.catalina.core.StandardService - Starting service [Tomcat]
2023-07-03 10:10:58.423 [restartedMain] INFO  org.apache.catalina.core.StandardEngine - Starting Servlet engine: [Apache Tomcat/9.0.27]
2023-07-03 10:10:58.641 [restartedMain] INFO  o.a.c.core.ContainerBase.[Tomcat].[localhost].[/] - Initializing Spring embedded WebApplicationContext
2023-07-03 10:10:58.641 [restartedMain] INFO  org.springframework.web.context.ContextLoader - Root WebApplicationContext: initialization completed in 3177 ms
2023-07-03 10:10:58.772 [restartedMain] INFO  org.apache.catalina.core.StandardService - Stopping service [Tomcat]
2023-07-03 10:10:58.801 [restartedMain] INFO  o.s.b.a.l.ConditionEvaluationReportLoggingListener - 

Error starting ApplicationContext. To display the conditions report re-run your application with 'debug' enabled.
2023-07-03 10:15:40.454 [restartedMain] INFO  com.atguigu.cmn.ServiceCmnApplication - The following profiles are active: dev
2023-07-03 10:15:42.413 [restartedMain] INFO  o.springframework.cloud.context.scope.GenericScope - BeanFactory id=98f5d651-a4fc-3e07-a27f-91bfd6c4f9a9
2023-07-03 10:15:42.688 [restartedMain] INFO  o.s.c.s.PostProcessorRegistrationDelegate$BeanPostProcessorChecker - Bean 'org.springframework.transaction.annotation.ProxyTransactionManagementConfiguration' of type [org.springframework.transaction.annotation.ProxyTransactionManagementConfiguration] is not eligible for getting processed by all BeanPostProcessors (for example: not eligible for auto-proxying)
2023-07-03 10:15:42.739 [restartedMain] INFO  o.s.c.s.PostProcessorRegistrationDelegate$BeanPostProcessorChecker - Bean 'org.springframework.cloud.autoconfigure.ConfigurationPropertiesRebinderAutoConfiguration' of type [org.springframework.cloud.autoconfigure.ConfigurationPropertiesRebinderAutoConfiguration] is not eligible for getting processed by all BeanPostProcessors (for example: not eligible for auto-proxying)
2023-07-03 10:15:44.047 [restartedMain] INFO  o.s.boot.web.embedded.tomcat.TomcatWebServer - Tomcat initialized with port(s): 8202 (http)
2023-07-03 10:15:44.068 [restartedMain] INFO  org.apache.coyote.http11.Http11NioProtocol - Initializing ProtocolHandler ["http-nio-8202"]
2023-07-03 10:15:44.069 [restartedMain] INFO  org.apache.catalina.core.StandardService - Starting service [Tomcat]
2023-07-03 10:15:44.070 [restartedMain] INFO  org.apache.catalina.core.StandardEngine - Starting Servlet engine: [Apache Tomcat/9.0.27]
2023-07-03 10:15:44.303 [restartedMain] INFO  o.a.c.core.ContainerBase.[Tomcat].[localhost].[/] - Initializing Spring embedded WebApplicationContext
2023-07-03 10:15:44.304 [restartedMain] INFO  org.springframework.web.context.ContextLoader - Root WebApplicationContext: initialization completed in 3821 ms
2023-07-03 10:15:44.434 [restartedMain] INFO  org.apache.catalina.core.StandardService - Stopping service [Tomcat]
2023-07-03 10:15:44.459 [restartedMain] INFO  o.s.b.a.l.ConditionEvaluationReportLoggingListener - 

Error starting ApplicationContext. To display the conditions report re-run your application with 'debug' enabled.
