2023-07-10 15:45:13.438 [restartedMain] WARN  com.netflix.config.sources.URLConfigurationSource - No URLs will be polled as dynamic configuration sources.
2023-07-10 15:45:13.448 [restartedMain] WARN  com.netflix.config.sources.URLConfigurationSource - No URLs will be polled as dynamic configuration sources.
2023-07-10 15:45:13.797 [restartedMain] WARN  o.s.b.d.autoconfigure.OptionalLiveReloadServer - Unable to start LiveReload server
2023-07-10 17:52:08.852 [restartedMain] WARN  com.netflix.config.sources.URLConfigurationSource - No URLs will be polled as dynamic configuration sources.
2023-07-10 17:52:08.864 [restartedMain] WARN  com.netflix.config.sources.URLConfigurationSource - No URLs will be polled as dynamic configuration sources.
2023-07-10 17:52:09.212 [restartedMain] WARN  o.s.b.d.autoconfigure.OptionalLiveReloadServer - Unable to start LiveReload server
2023-07-10 18:05:34.995 [http-nio-8203-exec-2] WARN  o.s.w.s.m.m.a.ExceptionHandlerExceptionResolver - Resolved [YyghException(code=20001, msg=验证码不正确)]
2023-07-10 18:14:35.095 [HikariPool-1 housekeeper] WARN  com.zaxxer.hikari.pool.HikariPool - HikariPool-1 - Thread starvation or clock leap detected (housekeeper delta=1m48s866ms824µs100ns).
2023-07-10 18:15:26.136 [HikariPool-1 housekeeper] WARN  com.zaxxer.hikari.pool.HikariPool - HikariPool-1 - Thread starvation or clock leap detected (housekeeper delta=51s42ms61µs300ns).
2023-07-10 18:16:54.179 [HikariPool-1 housekeeper] WARN  com.zaxxer.hikari.pool.HikariPool - HikariPool-1 - Thread starvation or clock leap detected (housekeeper delta=50s184ms375µs400ns).
2023-07-10 18:17:42.506 [HikariPool-1 housekeeper] WARN  com.zaxxer.hikari.pool.HikariPool - HikariPool-1 - Thread starvation or clock leap detected (housekeeper delta=48s327ms872µs500ns).
2023-07-10 18:19:42.572 [HikariPool-1 housekeeper] WARN  com.zaxxer.hikari.pool.HikariPool - HikariPool-1 - Thread starvation or clock leap detected (housekeeper delta=45s727ms553µs300ns).
2023-07-10 18:20:28.922 [HikariPool-1 housekeeper] WARN  com.zaxxer.hikari.pool.HikariPool - HikariPool-1 - Thread starvation or clock leap detected (housekeeper delta=46s350ms800µs500ns).
2023-07-10 18:25:37.413 [http-nio-8203-exec-5] WARN  o.s.w.s.m.m.a.ExceptionHandlerExceptionResolver - Resolved [YyghException(code=20001, msg=验证码不正确)]
2023-07-10 18:28:04.169 [http-nio-8203-exec-8] WARN  o.s.w.s.m.m.a.ExceptionHandlerExceptionResolver - Resolved [YyghException(code=20001, msg=验证码已过期，请重新发送)]
2023-07-10 18:30:32.047 [http-nio-8203-exec-10] WARN  o.s.w.s.m.m.a.ExceptionHandlerExceptionResolver - Resolved [YyghException(code=20001, msg=验证码不正确)]
2023-07-10 18:34:03.696 [http-nio-8203-exec-5] WARN  o.s.w.s.m.m.a.ExceptionHandlerExceptionResolver - Resolved [YyghException(code=20001, msg=验证码不正确)]
2023-07-10 18:34:03.702 [HikariPool-1 housekeeper] WARN  com.zaxxer.hikari.pool.HikariPool - HikariPool-1 - Thread starvation or clock leap detected (housekeeper delta=51s437ms666µs500ns).
2023-07-10 18:36:17.357 [http-nio-8203-exec-6] WARN  o.s.w.s.m.m.a.ExceptionHandlerExceptionResolver - Resolved [YyghException(code=20001, msg=验证码不正确)]
2023-07-10 18:37:36.722 [HikariPool-1 housekeeper] WARN  com.zaxxer.hikari.pool.HikariPool - HikariPool-1 - Thread starvation or clock leap detected (housekeeper delta=1m32s991ms724µs300ns).
2023-07-10 18:38:06.827 [http-nio-8203-exec-4] WARN  o.s.w.s.m.m.a.ExceptionHandlerExceptionResolver - Resolved [YyghException(code=20001, msg=验证码不正确)]
2023-07-10 18:38:34.036 [http-nio-8203-exec-9] WARN  o.s.w.s.m.m.a.ExceptionHandlerExceptionResolver - Resolved [YyghException(code=20001, msg=验证码不正确)]
2023-07-10 18:39:15.418 [http-nio-8203-exec-2] WARN  o.s.w.s.m.m.a.ExceptionHandlerExceptionResolver - Resolved [YyghException(code=20001, msg=验证码不正确)]
2023-07-10 18:40:33.392 [HikariPool-1 housekeeper] WARN  com.zaxxer.hikari.pool.HikariPool - HikariPool-1 - Thread starvation or clock leap detected (housekeeper delta=47s968ms77µs300ns).
2023-07-10 18:40:33.396 [http-nio-8203-exec-10] WARN  o.s.w.s.m.m.a.ExceptionHandlerExceptionResolver - Resolved [YyghException(code=20001, msg=验证码不正确)]
2023-07-10 18:41:19.241 [restartedMain] WARN  com.netflix.config.sources.URLConfigurationSource - No URLs will be polled as dynamic configuration sources.
2023-07-10 18:41:19.252 [restartedMain] WARN  com.netflix.config.sources.URLConfigurationSource - No URLs will be polled as dynamic configuration sources.
2023-07-10 18:41:19.656 [restartedMain] WARN  o.s.b.d.autoconfigure.OptionalLiveReloadServer - Unable to start LiveReload server
2023-07-10 18:42:07.520 [http-nio-8203-exec-3] WARN  o.s.w.s.m.m.a.ExceptionHandlerExceptionResolver - Resolved [YyghException(code=20001, msg=验证码不正确)]
2023-07-10 19:29:57.292 [restartedMain] WARN  org.apache.tomcat.util.modeler.Registry - The MBean registry cannot be disabled because it has already been initialised
2023-07-10 19:29:58.123 [restartedMain] WARN  o.s.b.w.s.c.AnnotationConfigServletWebServerApplicationContext - Exception encountered during context initialization - cancelling refresh attempt: org.springframework.beans.factory.BeanCreationException: Error creating bean with name 'userInfoApiController': Lookup method resolution failed; nested exception is java.lang.IllegalStateException: Failed to introspect Class [com.atguigu.yygh.user.controller.UserInfoApiController] from ClassLoader [org.springframework.boot.devtools.restart.classloader.RestartClassLoader@5fb49743]
2023-07-10 19:30:16.843 [restartedMain] WARN  org.apache.tomcat.util.modeler.Registry - The MBean registry cannot be disabled because it has already been initialised
2023-07-10 19:30:18.200 [restartedMain] WARN  com.netflix.config.sources.URLConfigurationSource - No URLs will be polled as dynamic configuration sources.
2023-07-10 19:30:18.381 [restartedMain] WARN  o.s.b.d.autoconfigure.OptionalLiveReloadServer - Unable to start LiveReload server
