2023-07-10 18:05:34.986 [http-nio-8203-exec-2] ERROR c.atguigu.common.exphandler.GlobalExceptionHandler - 自定义异常验证码不正确
2023-07-10 18:25:37.405 [http-nio-8203-exec-5] ERROR c.atguigu.common.exphandler.GlobalExceptionHandler - 自定义异常验证码不正确
2023-07-10 18:28:04.167 [http-nio-8203-exec-8] ERROR c.atguigu.common.exphandler.GlobalExceptionHandler - 自定义异常验证码已过期，请重新发送
2023-07-10 18:30:32.043 [http-nio-8203-exec-10] ERROR c.atguigu.common.exphandler.GlobalExceptionHandler - 自定义异常验证码不正确
2023-07-10 18:33:39.745 [http-nio-8203-exec-5] ERROR c.atguigu.common.exphandler.GlobalExceptionHandler - 自定义异常验证码不正确
2023-07-10 18:36:17.355 [http-nio-8203-exec-6] ERROR c.atguigu.common.exphandler.GlobalExceptionHandler - 自定义异常验证码不正确
2023-07-10 18:37:36.733 [http-nio-8203-exec-4] ERROR c.atguigu.common.exphandler.GlobalExceptionHandler - 自定义异常验证码不正确
2023-07-10 18:38:27.924 [http-nio-8203-exec-9] ERROR c.atguigu.common.exphandler.GlobalExceptionHandler - 自定义异常验证码不正确
2023-07-10 18:39:15.415 [http-nio-8203-exec-2] ERROR c.atguigu.common.exphandler.GlobalExceptionHandler - 自定义异常验证码不正确
2023-07-10 18:40:33.394 [http-nio-8203-exec-10] ERROR c.atguigu.common.exphandler.GlobalExceptionHandler - 自定义异常验证码不正确
2023-07-10 18:42:07.512 [http-nio-8203-exec-3] ERROR c.atguigu.common.exphandler.GlobalExceptionHandler - 自定义异常验证码不正确
2023-07-10 19:29:58.176 [restartedMain] ERROR org.springframework.boot.SpringApplication - Application run failed
org.springframework.beans.factory.BeanCreationException: Error creating bean with name 'userInfoApiController': Lookup method resolution failed; nested exception is java.lang.IllegalStateException: Failed to introspect Class [com.atguigu.yygh.user.controller.UserInfoApiController] from ClassLoader [org.springframework.boot.devtools.restart.classloader.RestartClassLoader@5fb49743]
	at org.springframework.beans.factory.annotation.AutowiredAnnotationBeanPostProcessor.determineCandidateConstructors(AutowiredAnnotationBeanPostProcessor.java:287)
	at org.springframework.beans.factory.support.AbstractAutowireCapableBeanFactory.determineConstructorsFromBeanPostProcessors(AbstractAutowireCapableBeanFactory.java:1286)
	at org.springframework.beans.factory.support.AbstractAutowireCapableBeanFactory.createBeanInstance(AbstractAutowireCapableBeanFactory.java:1201)
	at org.springframework.beans.factory.support.AbstractAutowireCapableBeanFactory.doCreateBean(AbstractAutowireCapableBeanFactory.java:557)
	at org.springframework.beans.factory.support.AbstractAutowireCapableBeanFactory.createBean(AbstractAutowireCapableBeanFactory.java:517)
	at org.springframework.beans.factory.support.AbstractBeanFactory.lambda$doGetBean$0(AbstractBeanFactory.java:323)
	at org.springframework.beans.factory.support.DefaultSingletonBeanRegistry.getSingleton(DefaultSingletonBeanRegistry.java:222)
	at org.springframework.beans.factory.support.AbstractBeanFactory.doGetBean(AbstractBeanFactory.java:321)
	at org.springframework.beans.factory.support.AbstractBeanFactory.getBean(AbstractBeanFactory.java:202)
	at org.springframework.beans.factory.support.DefaultListableBeanFactory.preInstantiateSingletons(DefaultListableBeanFactory.java:879)
	at org.springframework.context.support.AbstractApplicationContext.finishBeanFactoryInitialization(AbstractApplicationContext.java:878)
	at org.springframework.context.support.AbstractApplicationContext.refresh(AbstractApplicationContext.java:550)
	at org.springframework.boot.web.servlet.context.ServletWebServerApplicationContext.refresh(ServletWebServerApplicationContext.java:141)
	at org.springframework.boot.SpringApplication.refresh(SpringApplication.java:747)
	at org.springframework.boot.SpringApplication.refreshContext(SpringApplication.java:397)
	at org.springframework.boot.SpringApplication.run(SpringApplication.java:315)
	at org.springframework.boot.SpringApplication.run(SpringApplication.java:1226)
	at org.springframework.boot.SpringApplication.run(SpringApplication.java:1215)
	at com.atguigu.yygh.user.ServiceUserApplication.main(ServiceUserApplication.java:14)
	at sun.reflect.NativeMethodAccessorImpl.invoke0(Native Method)
	at sun.reflect.NativeMethodAccessorImpl.invoke(NativeMethodAccessorImpl.java:62)
	at sun.reflect.DelegatingMethodAccessorImpl.invoke(DelegatingMethodAccessorImpl.java:43)
	at java.lang.reflect.Method.invoke(Method.java:498)
	at org.springframework.boot.devtools.restart.RestartLauncher.run(RestartLauncher.java:49)
Caused by: java.lang.IllegalStateException: Failed to introspect Class [com.atguigu.yygh.user.controller.UserInfoApiController] from ClassLoader [org.springframework.boot.devtools.restart.classloader.RestartClassLoader@5fb49743]
	at org.springframework.util.ReflectionUtils.getDeclaredMethods(ReflectionUtils.java:477)
	at org.springframework.util.ReflectionUtils.doWithLocalMethods(ReflectionUtils.java:318)
	at org.springframework.beans.factory.annotation.AutowiredAnnotationBeanPostProcessor.determineCandidateConstructors(AutowiredAnnotationBeanPostProcessor.java:265)
	... 23 common frames omitted
Caused by: java.lang.NoClassDefFoundError: com/atguigu/common/result/R
	at java.lang.Class.getDeclaredMethods0(Native Method)
	at java.lang.Class.privateGetDeclaredMethods(Class.java:2701)
	at java.lang.Class.getDeclaredMethods(Class.java:1975)
	at org.springframework.util.ReflectionUtils.getDeclaredMethods(ReflectionUtils.java:459)
	... 25 common frames omitted
Caused by: java.lang.ClassNotFoundException: com.atguigu.common.result.R
	at java.net.URLClassLoader.findClass(URLClassLoader.java:381)
	at java.lang.ClassLoader.loadClass(ClassLoader.java:424)
	at sun.misc.Launcher$AppClassLoader.loadClass(Launcher.java:338)
	at java.lang.ClassLoader.loadClass(ClassLoader.java:357)
	at org.springframework.boot.devtools.restart.classloader.RestartClassLoader.loadClass(RestartClassLoader.java:144)
	at java.lang.ClassLoader.loadClass(ClassLoader.java:357)
	... 29 common frames omitted
