2023-07-18 21:14:05.759 [restartedMain] WARN  org.springframework.data.convert.CustomConversions - Registering converter from class java.time.LocalDateTime to class org.joda.time.LocalDateTime as reading converter although it doesn't convert from a store-supported type! You might wanna check you annotation setup at the converter implementation.
2023-07-18 21:14:05.805 [restartedMain] WARN  org.springframework.data.convert.CustomConversions - Registering converter from class java.time.LocalDateTime to class org.joda.time.LocalDateTime as reading converter although it doesn't convert from a store-supported type! You might wanna check you annotation setup at the converter implementation.
2023-07-18 21:14:05.807 [restartedMain] WARN  org.springframework.data.convert.CustomConversions - Registering converter from class java.time.LocalDateTime to class java.time.Instant as reading converter although it doesn't convert from a store-supported type! You might wanna check you annotation setup at the converter implementation.
2023-07-18 21:14:05.808 [restartedMain] WARN  org.springframework.data.convert.CustomConversions - Registering converter from class java.time.Instant to class java.time.LocalDateTime as reading converter although it doesn't convert from a store-supported type! You might wanna check you annotation setup at the converter implementation.
2023-07-18 21:14:05.883 [restartedMain] WARN  org.springframework.data.convert.CustomConversions - Registering converter from class java.time.LocalDateTime to class org.joda.time.LocalDateTime as reading converter although it doesn't convert from a store-supported type! You might wanna check you annotation setup at the converter implementation.
2023-07-18 21:14:05.884 [restartedMain] WARN  org.springframework.data.convert.CustomConversions - Registering converter from class java.time.LocalDateTime to class org.joda.time.LocalDateTime as reading converter although it doesn't convert from a store-supported type! You might wanna check you annotation setup at the converter implementation.
2023-07-18 21:14:05.885 [restartedMain] WARN  org.springframework.data.convert.CustomConversions - Registering converter from class java.time.LocalDateTime to class java.time.Instant as reading converter although it doesn't convert from a store-supported type! You might wanna check you annotation setup at the converter implementation.
2023-07-18 21:14:05.885 [restartedMain] WARN  org.springframework.data.convert.CustomConversions - Registering converter from class java.time.Instant to class java.time.LocalDateTime as reading converter although it doesn't convert from a store-supported type! You might wanna check you annotation setup at the converter implementation.
2023-07-18 21:14:06.434 [restartedMain] WARN  o.s.b.d.autoconfigure.OptionalLiveReloadServer - Unable to start LiveReload server
2023-07-18 21:14:06.455 [restartedMain] WARN  o.s.d.m.c.index.MongoPersistentEntityIndexCreator - Automatic index creation will be disabled by default as of Spring Data MongoDB 3.x.
	Please use 'MongoMappingContext#setAutoIndexCreation(boolean)' or override 'MongoConfigurationSupport#autoIndexCreation()' to be explicit.
	However, we recommend setting up indices manually in an application ready block. You may use index derivation there as well.

	> -----------------------------------------------------------------------------------------
	> @EventListener(ApplicationReadyEvent.class)
	> public void initIndicesAfterStartup() {
	>
	>     IndexOperations indexOps = mongoTemplate.indexOps(DomainType.class);
	>
	>     IndexResolver resolver = new MongoPersistentEntityIndexResolver(mongoMappingContext);
	>     resolver.resolveIndexFor(DomainType.class).forEach(indexOps::ensureIndex);
	> }
	> -----------------------------------------------------------------------------------------

2023-07-18 21:14:09.229 [restartedMain] WARN  com.netflix.config.sources.URLConfigurationSource - No URLs will be polled as dynamic configuration sources.
2023-07-18 21:14:09.248 [restartedMain] WARN  com.netflix.config.sources.URLConfigurationSource - No URLs will be polled as dynamic configuration sources.
